[     191ms] [INFO] %cDownload the React DevTools for a better development experience: https://react.dev/link/react-devtools font-weight:bold @ http://localhost:3000/_next/static/chunks/node_modules_next_dist_1ybzpk2._.js:2477
[     201ms] [LOG] [HMR] connected @ http://localhost:3000/_next/static/chunks/node_modules_next_dist_1ybzpk2._.js:2477
[     244ms] [ERROR] Failed to load resource: the server responded with a status of 404 (Not Found) @ http://localhost:3000/sounds/chime.mp3:0
[   16576ms] [ERROR] WebSocket connection to 'ws://localhost:3000/_next/webpack-hmr?id=zMfEQnJyaGNvsR11yaymg' failed: Error in connection establishment: net::ERR_CONNECTION_REFUSED @ http://localhost:3000/_next/static/chunks/node_modules_next_dist_client_0r5nbpw._.js:13422
[   17577ms] [ERROR] WebSocket connection to 'ws://localhost:3000/_next/webpack-hmr?id=zMfEQnJyaGNvsR11yaymg' failed: Error in connection establishment: net::ERR_CONNECTION_REFUSED @ http://localhost:3000/_next/static/chunks/node_modules_next_dist_client_0r5nbpw._.js:13422
[   18579ms] [ERROR] WebSocket connection to 'ws://localhost:3000/_next/webpack-hmr?id=zMfEQnJyaGNvsR11yaymg' failed: Error in connection establishment: net::ERR_CONNECTION_REFUSED @ http://localhost:3000/_next/static/chunks/node_modules_next_dist_client_0r5nbpw._.js:13422
[   19581ms] [ERROR] WebSocket connection to 'ws://localhost:3000/_next/webpack-hmr?id=zMfEQnJyaGNvsR11yaymg' failed: Error in connection establishment: net::ERR_CONNECTION_REFUSED @ http://localhost:3000/_next/static/chunks/node_modules_next_dist_client_0r5nbpw._.js:13422
[   20584ms] [ERROR] WebSocket connection to 'ws://localhost:3000/_next/webpack-hmr?id=zMfEQnJyaGNvsR11yaymg' failed: Error in connection establishment: net::ERR_CONNECTION_REFUSED @ http://localhost:3000/_next/static/chunks/node_modules_next_dist_client_0r5nbpw._.js:13422
[   25590ms] [ERROR] WebSocket connection to 'ws://localhost:3000/_next/webpack-hmr?id=zMfEQnJyaGNvsR11yaymg' failed: Error in connection establishment: net::ERR_CONNECTION_REFUSED @ http://localhost:3000/_next/static/chunks/node_modules_next_dist_client_0r5nbpw._.js:13422
[   30597ms] [ERROR] WebSocket connection to 'ws://localhost:3000/_next/webpack-hmr?id=zMfEQnJyaGNvsR11yaymg' failed: Error in connection establishment: net::ERR_CONNECTION_REFUSED @ http://localhost:3000/_next/static/chunks/node_modules_next_dist_client_0r5nbpw._.js:13422
[   35602ms] [ERROR] WebSocket connection to 'ws://localhost:3000/_next/webpack-hmr?id=zMfEQnJyaGNvsR11yaymg' failed: Error in connection establishment: net::ERR_CONNECTION_REFUSED @ http://localhost:3000/_next/static/chunks/node_modules_next_dist_client_0r5nbpw._.js:13422
[   40606ms] [ERROR] WebSocket connection to 'ws://localhost:3000/_next/webpack-hmr?id=zMfEQnJyaGNvsR11yaymg' failed: Error in connection establishment: net::ERR_CONNECTION_REFUSED @ http://localhost:3000/_next/static/chunks/node_modules_next_dist_client_0r5nbpw._.js:13422
[   45612ms] [ERROR] WebSocket connection to 'ws://localhost:3000/_next/webpack-hmr?id=zMfEQnJyaGNvsR11yaymg' failed: Error in connection establishment: net::ERR_CONNECTION_REFUSED @ http://localhost:3000/_next/static/chunks/node_modules_next_dist_client_0r5nbpw._.js:13422
[   50618ms] [ERROR] WebSocket connection to 'ws://localhost:3000/_next/webpack-hmr?id=zMfEQnJyaGNvsR11yaymg' failed: Error in connection establishment: net::ERR_CONNECTION_REFUSED @ http://localhost:3000/_next/static/chunks/node_modules_next_dist_client_0r5nbpw._.js:13422
[   55623ms] [ERROR] WebSocket connection to 'ws://localhost:3000/_next/webpack-hmr?id=zMfEQnJyaGNvsR11yaymg' failed: Error in connection establishment: net::ERR_CONNECTION_REFUSED @ http://localhost:3000/_next/static/chunks/node_modules_next_dist_client_0r5nbpw._.js:13422
[  452377ms] [INFO] %cDownload the React DevTools for a better development experience: https://react.dev/link/react-devtools font-weight:bold @ http://localhost:3000/_next/static/chunks/node_modules_next_dist_1ybzpk2._.js:2477
[  452387ms] [ERROR] Failed to load resource: the server responded with a status of 404 (Not Found) @ http://localhost:3000/sounds/chime.mp3:0
[  452394ms] [LOG] [HMR] connected @ http://localhost:3000/_next/static/chunks/node_modules_next_dist_1ybzpk2._.js:2477
[  752213ms] [ERROR] WebSocket connection to 'ws://localhost:3000/_next/webpack-hmr?id=XbIWxwybOl4XCS2ClkYu3' failed: Error in connection establishment: net::ERR_CONNECTION_REFUSED @ http://localhost:3000/_next/static/chunks/node_modules_next_dist_client_0r5nbpw._.js:13422
[  753217ms] [ERROR] WebSocket connection to 'ws://localhost:3000/_next/webpack-hmr?id=XbIWxwybOl4XCS2ClkYu3' failed: Error in connection establishment: net::ERR_CONNECTION_REFUSED @ http://localhost:3000/_next/static/chunks/node_modules_next_dist_client_0r5nbpw._.js:13422
[  754220ms] [ERROR] WebSocket connection to 'ws://localhost:3000/_next/webpack-hmr?id=XbIWxwybOl4XCS2ClkYu3' failed: Error in connection establishment: net::ERR_CONNECTION_REFUSED @ http://localhost:3000/_next/static/chunks/node_modules_next_dist_client_0r5nbpw._.js:13422
[  755223ms] [ERROR] WebSocket connection to 'ws://localhost:3000/_next/webpack-hmr?id=XbIWxwybOl4XCS2ClkYu3' failed: Error in connection establishment: net::ERR_CONNECTION_REFUSED @ http://localhost:3000/_next/static/chunks/node_modules_next_dist_client_0r5nbpw._.js:13422
[  756226ms] [ERROR] WebSocket connection to 'ws://localhost:3000/_next/webpack-hmr?id=XbIWxwybOl4XCS2ClkYu3' failed: Error in connection establishment: net::ERR_CONNECTION_REFUSED @ http://localhost:3000/_next/static/chunks/node_modules_next_dist_client_0r5nbpw._.js:13422
[  761235ms] [ERROR] WebSocket connection to 'ws://localhost:3000/_next/webpack-hmr?id=XbIWxwybOl4XCS2ClkYu3' failed: Error in connection establishment: net::ERR_CONNECTION_REFUSED @ http://localhost:3000/_next/static/chunks/node_modules_next_dist_client_0r5nbpw._.js:13422
[  766244ms] [ERROR] WebSocket connection to 'ws://localhost:3000/_next/webpack-hmr?id=XbIWxwybOl4XCS2ClkYu3' failed: Error in connection establishment: net::ERR_CONNECTION_REFUSED @ http://localhost:3000/_next/static/chunks/node_modules_next_dist_client_0r5nbpw._.js:13422
[  771246ms] [ERROR] WebSocket connection to 'ws://localhost:3000/_next/webpack-hmr?id=XbIWxwybOl4XCS2ClkYu3' failed: Error in connection establishment: net::ERR_CONNECTION_REFUSED @ http://localhost:3000/_next/static/chunks/node_modules_next_dist_client_0r5nbpw._.js:13422
[  776249ms] [ERROR] WebSocket connection to 'ws://localhost:3000/_next/webpack-hmr?id=XbIWxwybOl4XCS2ClkYu3' failed: Error in connection establishment: net::ERR_CONNECTION_REFUSED @ http://localhost:3000/_next/static/chunks/node_modules_next_dist_client_0r5nbpw._.js:13422
[  781253ms] [ERROR] WebSocket connection to 'ws://localhost:3000/_next/webpack-hmr?id=XbIWxwybOl4XCS2ClkYu3' failed: Error in connection establishment: net::ERR_CONNECTION_REFUSED @ http://localhost:3000/_next/static/chunks/node_modules_next_dist_client_0r5nbpw._.js:13422
[  786262ms] [LOG] [HMR] connected @ http://localhost:3000/_next/static/chunks/node_modules_next_dist_1ybzpk2._.js:2477
[  788408ms] [INFO] %cDownload the React DevTools for a better development experience: https://react.dev/link/react-devtools font-weight:bold @ http://localhost:3000/_next/static/chunks/node_modules_next_dist_1ybzpk2._.js:2477
[  788417ms] [LOG] [HMR] connected @ http://localhost:3000/_next/static/chunks/node_modules_next_dist_1ybzpk2._.js:2477
